Using pre-set license
Built from '2021.1/staging' branch; Version is '2021.1.6f1 (c0fade0cc7e9) revision 12647134'; Using compiler version '192528614'; Build Type 'Release'
OS: 'Windows 10 Pro; OS build 19043.1348; Version 2009; 64bit' Language: 'en' Physical Memory: 8072 MB
BatchMode: 1, IsHumanControllingUs: 0, StartBugReporterOnCrash: 0, Is64bit: 1, IsPro: 0

 COMMAND LINE ARGUMENTS:
C:\Program Files\Unity 2021.1.6f1\Editor\Unity.exe
-adb2
-batchMode
-noUpm
-name
AssetImportWorker0
-projectPath
C:/git/Helix Jump Prep
-logFile
Logs/AssetImportWorker0.log
-srvPort
50146
Successfully changed project path to: C:/git/Helix Jump Prep
C:/git/Helix Jump Prep
Using Asset Import Pipeline V2.
Refreshing native plugins compatible for Editor in 188.40 ms, found 0 plugins.
Preloading 0 native plugins for Editor in 0.00 ms.
Initialize engine version: 2021.1.6f1 (c0fade0cc7e9)
[Subsystems] Discovering subsystems at path C:/Program Files/Unity 2021.1.6f1/Editor/Data/Resources/UnitySubsystems
[Subsystems] Discovering subsystems at path C:/git/Helix Jump Prep/Assets
GfxDevice: creating device client; threaded=0; jobified=0
Direct3D:
    Version:  Direct3D 11.0 [level 10.1]
    Renderer: Intel(R) HD Graphics 3000 (ID=0x126)
    Vendor:   Intel
    VRAM:     128 MB
    Driver:   9.17.10.4459
Initialize mono
Mono path[0] = 'C:/Program Files/Unity 2021.1.6f1/Editor/Data/Managed'
Mono path[1] = 'C:/Program Files/Unity 2021.1.6f1/Editor/Data/MonoBleedingEdge/lib/mono/unityjit'
Mono config path = 'C:/Program Files/Unity 2021.1.6f1/Editor/Data/MonoBleedingEdge/etc'
Using monoOptions --debugger-agent=transport=dt_socket,embedding=1,server=y,suspend=n,address=127.0.0.1:56552
Begin MonoManager ReloadAssembly
Registering precompiled unity dll's ...
Register platform support module: C:/Program Files/Unity 2021.1.6f1/Editor/Data/PlaybackEngines/WindowsStandaloneSupport/UnityEditor.WindowsStandalone.Extensions.dll
Registered in 0.004904 seconds.
Native extension for WindowsStandalone target not found
Refreshing native plugins compatible for Editor in 109.34 ms, found 0 plugins.
Preloading 0 native plugins for Editor in 0.00 ms.
Mono: successfully reloaded assembly
- Completed reload, in  5.653 seconds
Platform modules already initialized, skipping
Registering precompiled user dll's ...
Registered in 0.005554 seconds.
Begin MonoManager ReloadAssembly
Native extension for WindowsStandalone target not found
Refreshing native plugins compatible for Editor in 1.27 ms, found 0 plugins.
Preloading 0 native plugins for Editor in 0.00 ms.
Mono: successfully reloaded assembly
- Completed reload, in  2.437 seconds
Platform modules already initialized, skipping
========================================================================
Worker process is ready to serve import requests
Launched and connected shader compiler UnityShaderCompiler.exe after 0.07 seconds
Refreshing native plugins compatible for Editor in 1.20 ms, found 0 plugins.
Preloading 0 native plugins for Editor in 0.00 ms.
Unloading 1678 Unused Serialized files (Serialized files now loaded: 0)
System memory in use before: 73.2 MB.
System memory in use after: 73.2 MB.

Unloading 49 unused Assets to reduce memory usage. Loaded Objects now: 2108.
Total: 12.779800 ms (FindLiveObjects: 0.253000 ms CreateObjectMapping: 0.099800 ms MarkObjects: 12.211000 ms  DeleteObjects: 0.213000 ms)

========================================================================
Received Import Request.
  path: Assets/BallTrail.mat
  artifactKey: Guid(406f63cf1dfa6cc4b954f635a97db675) Importer(815301076,1909f56bfc062723c751e8b465ee728b)
Start importing Assets/BallTrail.mat using Guid(406f63cf1dfa6cc4b954f635a97db675) Importer(815301076,1909f56bfc062723c751e8b465ee728b)  -> (artifact id: 'aa1564bfe70112614900fad80797741f') in 0.349972 seconds 
========================================================================
Received Import Request.
  Time since last request: 54.804198 seconds.
  path: Assets/Scripts/BallController.cs
  artifactKey: Guid(d6d55b32ff2618946b3cb967f4d9f7f7) Importer(815301076,1909f56bfc062723c751e8b465ee728b)
Start importing Assets/Scripts/BallController.cs using Guid(d6d55b32ff2618946b3cb967f4d9f7f7) Importer(815301076,1909f56bfc062723c751e8b465ee728b)  -> (artifact id: 'e80ef6e90cd8f7e72d16f58372cc946c') in 0.039228 seconds 
